<?xml version="1.0" encoding="UTF-8"?>
<!-- Generated by org.testng.reporters.JUnitXMLReporter -->
<testsuite ignored="0" hostname="ANKUSH1111" failures="0" tests="20" name="Test" time="380.75" errors="0" timestamp="2025-06-01T17:44:47 IST">
  <testcase classname="com.test.demoqa.TextBoxTestDataFromDB" name="verifyTextBoxFormSubmission" time="7.452"/>
  <testcase classname="com.test.demoqa.TextBoxTestDataFromDB" name="verifyTextBoxFormSubmission" time="4.07"/>
  <testcase classname="com.test.demoqa.TextBoxTestDataFromDB" name="verifyTextBoxFormSubmission" time="38.157"/>
  <testcase classname="com.test.demoqa.TextBoxTestDataFromDB" name="verifyTextBoxFormSubmission" time="4.005"/>
  <testcase classname="com.test.demoqa.TextBoxTestDataFromDB" name="verifyTextBoxFormSubmission" time="3.903"/>
  <testcase classname="com.test.demoqa.TextBoxTestDataFromDB" name="verifyTextBoxFormSubmission" time="4.415"/>
  <testcase classname="com.test.demoqa.TextBoxTestDataFromDB" name="verifyTextBoxFormSubmission" time="4.537"/>
  <testcase classname="com.test.demoqa.TextBoxTestDataFromDB" name="verifyTextBoxFormSubmission" time="4.361"/>
  <testcase classname="com.test.demoqa.TextBoxTestDataFromDB" name="verifyTextBoxFormSubmission" time="4.039"/>
  <testcase classname="com.test.demoqa.TextBoxTestDataFromDB" name="verifyTextBoxFormSubmission" time="3.922"/>
  <testcase classname="com.test.demoqa.TextBoxTestDataFromDB" name="verifyTextBoxFormSubmission" time="4.099"/>
  <testcase classname="com.test.demoqa.TextBoxTestDataFromDB" name="verifyTextBoxFormSubmission" time="3.13"/>
  <testcase classname="com.test.demoqa.TextBoxTestDataFromDB" name="verifyTextBoxFormSubmission" time="6.979"/>
  <testcase classname="com.test.demoqa.TextBoxTestDataFromDB" name="verifyTextBoxFormSubmission" time="3.743"/>
  <testcase classname="com.test.demoqa.TextBoxTestDataFromDB" name="verifyTextBoxFormSubmission" time="2.707"/>
  <testcase classname="com.test.demoqa.TextBoxTestDataFromDB" name="verifyTextBoxFormSubmission" time="2.316"/>
  <testcase classname="com.test.demoqa.TextBoxTestDataFromDB" name="verifyTextBoxFormSubmission" time="2.342"/>
  <testcase classname="com.test.demoqa.TextBoxTestDataFromDB" name="verifyTextBoxFormSubmission" time="1.694"/>
  <testcase classname="com.test.demoqa.TextBoxTestDataFromDB" name="verifyTextBoxFormSubmission" time="2.486"/>
  <testcase classname="com.test.demoqa.TextBoxTestDataFromDB" name="verifyTextBoxFormSubmission" time="2.481"/>
</testsuite> <!-- Test -->
